<?xml version="1.0" encoding="UTF-8"?>
<!-- Generated by org.testng.reporters.JUnitXMLReporter -->
<testsuite ignored="0" hostname="PritiB" failures="0" tests="4" name="Default test" time="15.509" errors="0" timestamp="2024-05-04T11:40:07 IST">
  <testcase classname="api.test.UserTest" name="testPostUser" time="5.6"/>
  <testcase classname="api.test.UserTest" name="testGetUserByName" time="2.419"/>
  <testcase classname="api.test.UserTest" name="testUpdateUserByName" time="5.071"/>
  <testcase classname="api.test.UserTest" name="testDeleteUserName" time="1.964"/>
</testsuite> <!-- Default test -->
