<?xml version="1.0" encoding="UTF-8"?>
<testng-results ignored="0" total="1" passed="1" failed="0" skipped="0">
  <reporter-output>
  </reporter-output>
  <suite started-at="2024-05-03T16:54:49 IST" name="Default suite" finished-at="2024-05-03T16:54:56 IST" duration-ms="6655">
    <groups>
    </groups>
    <test started-at="2024-05-03T16:54:49 IST" name="Default test" finished-at="2024-05-03T16:54:56 IST" duration-ms="6655">
      <class name="api.test.UserTest">
        <test-method is-config="true" signature="setupData()[pri:0, instance:api.test.UserTest@595b007d]" started-at="2024-05-03T16:54:49 IST" name="setupData" finished-at="2024-05-03T16:54:50 IST" duration-ms="631" status="PASS">
          <reporter-output>
          </reporter-output>
        </test-method> <!-- setupData -->
        <test-method signature="testPostUser()[pri:1, instance:api.test.UserTest@595b007d]" started-at="2024-05-03T16:54:50 IST" name="testPostUser" finished-at="2024-05-03T16:54:56 IST" duration-ms="5888" status="PASS">
          <reporter-output>
          </reporter-output>
        </test-method> <!-- testPostUser -->
      </class> <!-- api.test.UserTest -->
    </test> <!-- Default test -->
  </suite> <!-- Default suite -->
</testng-results>
