<?xml version="1.0" encoding="UTF-8"?>
<testng-results ignored="0" total="4" passed="4" failed="0" skipped="0">
  <reporter-output>
  </reporter-output>
  <suite started-at="2024-05-04T11:39:51 IST" name="Default suite" finished-at="2024-05-04T11:40:07 IST" duration-ms="15509">
    <groups>
    </groups>
    <test started-at="2024-05-04T11:39:51 IST" name="Default test" finished-at="2024-05-04T11:40:07 IST" duration-ms="15509">
      <class name="api.test.UserTest">
        <test-method is-config="true" signature="setupData()[pri:0, instance:api.test.UserTest@399f45b1]" started-at="2024-05-04T11:39:52 IST" name="setupData" finished-at="2024-05-04T11:39:52 IST" duration-ms="357" status="PASS">
          <reporter-output>
          </reporter-output>
        </test-method> <!-- setupData -->
        <test-method signature="testPostUser()[pri:1, instance:api.test.UserTest@399f45b1]" started-at="2024-05-04T11:39:52 IST" name="testPostUser" finished-at="2024-05-04T11:39:58 IST" duration-ms="5600" status="PASS">
          <reporter-output>
          </reporter-output>
        </test-method> <!-- testPostUser -->
        <test-method signature="testGetUserByName()[pri:2, instance:api.test.UserTest@399f45b1]" started-at="2024-05-04T11:39:58 IST" name="testGetUserByName" finished-at="2024-05-04T11:40:00 IST" duration-ms="2419" status="PASS">
          <reporter-output>
          </reporter-output>
        </test-method> <!-- testGetUserByName -->
        <test-method signature="testUpdateUserByName()[pri:3, instance:api.test.UserTest@399f45b1]" started-at="2024-05-04T11:40:00 IST" name="testUpdateUserByName" finished-at="2024-05-04T11:40:05 IST" duration-ms="5071" status="PASS">
          <reporter-output>
          </reporter-output>
        </test-method> <!-- testUpdateUserByName -->
        <test-method signature="testDeleteUserName()[pri:4, instance:api.test.UserTest@399f45b1]" started-at="2024-05-04T11:40:05 IST" name="testDeleteUserName" finished-at="2024-05-04T11:40:07 IST" duration-ms="1964" status="PASS">
          <reporter-output>
          </reporter-output>
        </test-method> <!-- testDeleteUserName -->
      </class> <!-- api.test.UserTest -->
    </test> <!-- Default test -->
  </suite> <!-- Default suite -->
</testng-results>
